# JRE version: OpenJDK Runtime Environment 18.9 (11.0.13+8) (build 11.0.13+8)
# Java VM: OpenJDK 64-Bit Server VM 18.9 (11.0.13+8, mixed mode, tiered, compressed oops, g1 gc, windows-amd64)
Heap:
 garbage-first heap   total 262144K, used 203771K [0x00000000e0000000, 0x0000000100000000)
  region size 1024K, 9 young (9216K), 4 survivors (4096K)
 Metaspace       used 100398K, capacity 105173K, committed 106288K, reserved 346112K
  class space    used 12874K, capacity 14578K, committed 14976K, reserved 253952K
GC Heap History (20 events):
Event: 38.994 GC heap before
{Heap before GC invocations=21 (full 0):
 garbage-first heap   total 262144K, used 216963K [0x00000000e0000000, 0x0000000100000000)
  region size 1024K, 67 young (68608K), 9 survivors (9216K)
 Metaspace       used 100701K, capacity 105858K, committed 106032K, reserved 346112K
  class space    used 13022K, capacity 14865K, committed 14976K, reserved 253952K
}
Event: 39.007 GC heap after
{Heap after GC invocations=22 (full 0):
 garbage-first heap   total 262144K, used 164160K [0x00000000e0000000, 0x0000000100000000)
  region size 1024K, 9 young (9216K), 9 survivors (9216K)
 Metaspace       used 100701K, capacity 105858K, committed 106032K, reserved 346112K
  class space    used 13022K, capacity 14865K, committed 14976K, reserved 253952K
}
Event: 39.709 GC heap before
{Heap before GC invocations=23 (full 0):
 garbage-first heap   total 262144K, used 217408K [0x00000000e0000000, 0x0000000100000000)
  region size 1024K, 62 young (63488K), 9 survivors (9216K)
 Metaspace       used 100127K, capacity 104926K, committed 106032K, reserved 346112K
  class space    used 12839K, capacity 14543K, committed 14976K, reserved 253952K
}
Event: 39.721 GC heap after
{Heap after GC invocations=24 (full 0):
 garbage-first heap   total 262144K, used 168790K [0x00000000e0000000, 0x0000000100000000)
  region size 1024K, 5 young (5120K), 5 survivors (5120K)
 Metaspace       used 100127K, capacity 104926K, committed 106032K, reserved 346112K
  class space    used 12839K, capacity 14543K, committed 14976K, reserved 253952K
}
Event: 40.295 GC heap before
{Heap before GC invocations=24 (full 0):
 garbage-first heap   total 262144K, used 221014K [0x00000000e0000000, 0x0000000100000000)
  region size 1024K, 56 young (57344K), 5 survivors (5120K)
 Metaspace       used 100127K, capacity 104926K, committed 106032K, reserved 346112K
  class space    used 12839K, capacity 14543K, committed 14976K, reserved 253952K
}
Event: 40.301 GC heap after
{Heap after GC invocations=25 (full 0):
 garbage-first heap   total 262144K, used 173029K [0x00000000e0000000, 0x0000000100000000)
  region size 1024K, 5 young (5120K), 5 survivors (5120K)
 Metaspace       used 100127K, capacity 104926K, committed 106032K, reserved 346112K
  class space    used 12839K, capacity 14543K, committed 14976K, reserved 253952K
}
Event: 40.625 GC heap before
{Heap before GC invocations=26 (full 0):
 garbage-first heap   total 262144K, used 222181K [0x00000000e0000000, 0x0000000100000000)
  region size 1024K, 53 young (54272K), 5 survivors (5120K)
 Metaspace       used 100070K, capacity 104836K, committed 106032K, reserved 346112K
  class space    used 12822K, capacity 14512K, committed 14976K, reserved 253952K
}
Event: 40.633 GC heap after
{Heap after GC invocations=27 (full 0):
 garbage-first heap   total 262144K, used 177173K [0x00000000e0000000, 0x0000000100000000)
  region size 1024K, 5 young (5120K), 5 survivors (5120K)
 Metaspace       used 100070K, capacity 104836K, committed 106032K, reserved 346112K
  class space    used 12822K, capacity 14512K, committed 14976K, reserved 253952K
}
Event: 40.866 GC heap before
{Heap before GC invocations=27 (full 0):
 garbage-first heap   total 262144K, used 223253K [0x00000000e0000000, 0x0000000100000000)
  region size 1024K, 50 young (51200K), 5 survivors (5120K)
 Metaspace       used 100070K, capacity 104836K, committed 106032K, reserved 346112K
  class space    used 12822K, capacity 14512K, committed 14976K, reserved 253952K
}
Event: 40.872 GC heap after
{Heap after GC invocations=28 (full 0):
 garbage-first heap   total 262144K, used 180682K [0x00000000e0000000, 0x0000000100000000)
  region size 1024K, 4 young (4096K), 4 survivors (4096K)
 Metaspace       used 100070K, capacity 104836K, committed 106032K, reserved 346112K
  class space    used 12822K, capacity 14512K, committed 14976K, reserved 253952K
}
Event: 41.101 GC heap before
{Heap before GC invocations=29 (full 0):
 garbage-first heap   total 262144K, used 223690K [0x00000000e0000000, 0x0000000100000000)
  region size 1024K, 46 young (47104K), 4 survivors (4096K)
 Metaspace       used 100070K, capacity 104836K, committed 106032K, reserved 346112K
  class space    used 12822K, capacity 14512K, committed 14976K, reserved 253952K
}
Event: 41.106 GC heap after
{Heap after GC invocations=30 (full 0):
 garbage-first heap   total 262144K, used 183867K [0x00000000e0000000, 0x0000000100000000)
  region size 1024K, 4 young (4096K), 4 survivors (4096K)
 Metaspace       used 100070K, capacity 104836K, committed 106032K, reserved 346112K
  class space    used 12822K, capacity 14512K, committed 14976K, reserved 253952K
}
Event: 41.334 GC heap before
{Heap before GC invocations=30 (full 0):
 garbage-first heap   total 262144K, used 224827K [0x00000000e0000000, 0x0000000100000000)
  region size 1024K, 44 young (45056K), 4 survivors (4096K)
 Metaspace       used 100070K, capacity 104836K, committed 106032K, reserved 346112K
  class space    used 12822K, capacity 14512K, committed 14976K, reserved 253952K
}
Event: 41.341 GC heap after
{Heap after GC invocations=31 (full 0):
 garbage-first heap   total 262144K, used 188868K [0x00000000e0000000, 0x0000000100000000)
  region size 1024K, 6 young (6144K), 6 survivors (6144K)
 Metaspace       used 100070K, capacity 104836K, committed 106032K, reserved 346112K
  class space    used 12822K, capacity 14512K, committed 14976K, reserved 253952K
}
Event: 41.656 GC heap before
{Heap before GC invocations=32 (full 0):
 garbage-first heap   total 262144K, used 225732K [0x00000000e0000000, 0x0000000100000000)
  region size 1024K, 42 young (43008K), 6 survivors (6144K)
 Metaspace       used 100070K, capacity 104836K, committed 106032K, reserved 346112K
  class space    used 12822K, capacity 14512K, committed 14976K, reserved 253952K
}
Event: 41.665 GC heap after
{Heap after GC invocations=33 (full 0):
 garbage-first heap   total 262144K, used 192603K [0x00000000e0000000, 0x0000000100000000)
  region size 1024K, 4 young (4096K), 4 survivors (4096K)
 Metaspace       used 100070K, capacity 104836K, committed 106032K, reserved 346112K
  class space    used 12822K, capacity 14512K, committed 14976K, reserved 253952K
}
Event: 41.897 GC heap before
{Heap before GC invocations=33 (full 0):
 garbage-first heap   total 262144K, used 226395K [0x00000000e0000000, 0x0000000100000000)
  region size 1024K, 37 young (37888K), 4 survivors (4096K)
 Metaspace       used 100070K, capacity 104836K, committed 106032K, reserved 346112K
  class space    used 12822K, capacity 14512K, committed 14976K, reserved 253952K
}
Event: 41.902 GC heap after
{Heap after GC invocations=34 (full 0):
 garbage-first heap   total 262144K, used 195496K [0x00000000e0000000, 0x0000000100000000)
  region size 1024K, 3 young (3072K), 3 survivors (3072K)
 Metaspace       used 100070K, capacity 104836K, committed 106032K, reserved 346112K
  class space    used 12822K, capacity 14512K, committed 14976K, reserved 253952K
}
Event: 42.154 GC heap before
{Heap before GC invocations=35 (full 0):
 garbage-first heap   total 262144K, used 225192K [0x00000000e0000000, 0x0000000100000000)
  region size 1024K, 33 young (33792K), 3 survivors (3072K)
 Metaspace       used 100181K, capacity 104949K, committed 106288K, reserved 346112K
  class space    used 12841K, capacity 14529K, committed 14976K, reserved 253952K
}
Event: 42.161 GC heap after
{Heap after GC invocations=36 (full 0):
 garbage-first heap   total 262144K, used 199675K [0x00000000e0000000, 0x0000000100000000)
  region size 1024K, 4 young (4096K), 4 survivors (4096K)
 Metaspace       used 100181K, capacity 104949K, committed 106288K, reserved 346112K
  class space    used 12841K, capacity 14529K, committed 14976K, reserved 253952K
}

