# JRE version: OpenJDK Runtime Environment 18.9 (11.0.13+8) (build 11.0.13+8)
# Java VM: OpenJDK 64-Bit Server VM 18.9 (11.0.13+8, mixed mode, tiered, compressed oops, g1 gc, windows-amd64)
Heap:
 garbage-first heap   total 260096K, used 133442K [0x0000000702000000, 0x0000000800000000)
  region size 1024K, 113 young (115712K), 12 survivors (12288K)
 Metaspace       used 56607K, capacity 57231K, committed 57392K, reserved 1099776K
  class space    used 6602K, capacity 6863K, committed 6960K, reserved 1048576K
GC Heap History (12 events):
Event: 0.375 GC heap before
{Heap before GC invocations=0 (full 0):
 garbage-first heap   total 260096K, used 27648K [0x0000000702000000, 0x0000000800000000)
  region size 1024K, 24 young (24576K), 0 survivors (0K)
 Metaspace       used 12453K, capacity 12558K, committed 12800K, reserved 1060864K
  class space    used 1148K, capacity 1184K, committed 1280K, reserved 1048576K
}
Event: 0.377 GC heap after
{Heap after GC invocations=1 (full 0):
 garbage-first heap   total 260096K, used 5785K [0x0000000702000000, 0x0000000800000000)
  region size 1024K, 3 young (3072K), 3 survivors (3072K)
 Metaspace       used 12453K, capacity 12558K, committed 12800K, reserved 1060864K
  class space    used 1148K, capacity 1184K, committed 1280K, reserved 1048576K
}
Event: 0.799 GC heap before
{Heap before GC invocations=1 (full 0):
 garbage-first heap   total 260096K, used 42649K [0x0000000702000000, 0x0000000800000000)
  region size 1024K, 40 young (40960K), 3 survivors (3072K)
 Metaspace       used 21043K, capacity 21242K, committed 21296K, reserved 1069056K
  class space    used 2208K, capacity 2315K, committed 2352K, reserved 1048576K
}
Event: 0.808 GC heap after
{Heap after GC invocations=2 (full 0):
 garbage-first heap   total 260096K, used 9426K [0x0000000702000000, 0x0000000800000000)
  region size 1024K, 7 young (7168K), 7 survivors (7168K)
 Metaspace       used 21043K, capacity 21242K, committed 21296K, reserved 1069056K
  class space    used 2208K, capacity 2315K, committed 2352K, reserved 1048576K
}
Event: 1.450 GC heap before
{Heap before GC invocations=3 (full 0):
 garbage-first heap   total 260096K, used 66770K [0x0000000702000000, 0x0000000800000000)
  region size 1024K, 57 young (58368K), 7 survivors (7168K)
 Metaspace       used 31200K, capacity 31537K, committed 31792K, reserved 1077248K
  class space    used 3464K, capacity 3581K, committed 3632K, reserved 1048576K
}
Event: 1.456 GC heap after
{Heap after GC invocations=4 (full 0):
 garbage-first heap   total 260096K, used 18007K [0x0000000702000000, 0x0000000800000000)
  region size 1024K, 8 young (8192K), 8 survivors (8192K)
 Metaspace       used 31200K, capacity 31537K, committed 31792K, reserved 1077248K
  class space    used 3464K, capacity 3581K, committed 3632K, reserved 1048576K
}
Event: 1.554 GC heap before
{Heap before GC invocations=4 (full 0):
 garbage-first heap   total 260096K, used 30295K [0x0000000702000000, 0x0000000800000000)
  region size 1024K, 20 young (20480K), 8 survivors (8192K)
 Metaspace       used 33698K, capacity 34039K, committed 34224K, reserved 1079296K
  class space    used 3781K, capacity 3902K, committed 4016K, reserved 1048576K
}
Event: 1.559 GC heap after
{Heap after GC invocations=5 (full 0):
 garbage-first heap   total 260096K, used 20168K [0x0000000702000000, 0x0000000800000000)
  region size 1024K, 2 young (2048K), 2 survivors (2048K)
 Metaspace       used 33698K, capacity 34039K, committed 34224K, reserved 1079296K
  class space    used 3781K, capacity 3902K, committed 4016K, reserved 1048576K
}
Event: 1.634 GC heap before
{Heap before GC invocations=5 (full 0):
 garbage-first heap   total 260096K, used 26312K [0x0000000702000000, 0x0000000800000000)
  region size 1024K, 9 young (9216K), 2 survivors (2048K)
 Metaspace       used 35510K, capacity 35805K, committed 35888K, reserved 1081344K
  class space    used 4189K, capacity 4320K, committed 4400K, reserved 1048576K
}
Event: 1.635 GC heap after
{Heap after GC invocations=6 (full 0):
 garbage-first heap   total 260096K, used 20188K [0x0000000702000000, 0x0000000800000000)
  region size 1024K, 2 young (2048K), 2 survivors (2048K)
 Metaspace       used 35510K, capacity 35805K, committed 35888K, reserved 1081344K
  class space    used 4189K, capacity 4320K, committed 4400K, reserved 1048576K
}
Event: 2.622 GC heap before
{Heap before GC invocations=7 (full 0):
 garbage-first heap   total 260096K, used 112348K [0x0000000702000000, 0x0000000800000000)
  region size 1024K, 91 young (93184K), 2 survivors (2048K)
 Metaspace       used 46337K, capacity 46776K, committed 47024K, reserved 1091584K
  class space    used 5353K, capacity 5502K, committed 5552K, reserved 1048576K
}
Event: 2.629 GC heap after
{Heap after GC invocations=8 (full 0):
 garbage-first heap   total 260096K, used 31042K [0x0000000702000000, 0x0000000800000000)
  region size 1024K, 12 young (12288K), 12 survivors (12288K)
 Metaspace       used 46337K, capacity 46776K, committed 47024K, reserved 1091584K
  class space    used 5353K, capacity 5502K, committed 5552K, reserved 1048576K
}

