# JRE version: OpenJDK Runtime Environment 18.9 (11.0.13+8) (build 11.0.13+8)
# Java VM: OpenJDK 64-Bit Server VM 18.9 (11.0.13+8, mixed mode, tiered, compressed oops, g1 gc, windows-amd64)
Heap:
 garbage-first heap   total 274432K, used 215252K [0x00000000e0000000, 0x0000000100000000)
  region size 1024K, 30 young (30720K), 1 survivors (1024K)
 Metaspace       used 105919K, capacity 110296K, committed 111536K, reserved 350208K
  class space    used 13401K, capacity 14959K, committed 15360K, reserved 253952K
GC Heap History (20 events):
Event: 188.205 GC heap before
{Heap before GC invocations=26 (full 0):
 garbage-first heap   total 274432K, used 227130K [0x00000000e0000000, 0x0000000100000000)
  region size 1024K, 66 young (67584K), 9 survivors (9216K)
 Metaspace       used 106340K, capacity 111108K, committed 111280K, reserved 350208K
  class space    used 13592K, capacity 15331K, committed 15360K, reserved 253952K
}
Event: 188.213 GC heap after
{Heap after GC invocations=27 (full 0):
 garbage-first heap   total 274432K, used 174037K [0x00000000e0000000, 0x0000000100000000)
  region size 1024K, 5 young (5120K), 5 survivors (5120K)
 Metaspace       used 106340K, capacity 111108K, committed 111280K, reserved 350208K
  class space    used 13592K, capacity 15331K, committed 15360K, reserved 253952K
}
Event: 274.286 GC heap before
{Heap before GC invocations=28 (full 0):
 garbage-first heap   total 274432K, used 230357K [0x00000000e0000000, 0x0000000100000000)
  region size 1024K, 60 young (61440K), 5 survivors (5120K)
 Metaspace       used 106238K, capacity 110912K, committed 111280K, reserved 350208K
  class space    used 13554K, capacity 15264K, committed 15360K, reserved 253952K
}
Event: 274.291 GC heap after
{Heap after GC invocations=29 (full 0):
 garbage-first heap   total 274432K, used 177111K [0x00000000e0000000, 0x0000000100000000)
  region size 1024K, 8 young (8192K), 8 survivors (8192K)
 Metaspace       used 106238K, capacity 110912K, committed 111280K, reserved 350208K
  class space    used 13554K, capacity 15264K, committed 15360K, reserved 253952K
}
Event: 332.350 GC heap before
{Heap before GC invocations=29 (full 0):
 garbage-first heap   total 274432K, used 232407K [0x00000000e0000000, 0x0000000100000000)
  region size 1024K, 62 young (63488K), 8 survivors (8192K)
 Metaspace       used 106253K, capacity 110976K, committed 111280K, reserved 350208K
  class space    used 13554K, capacity 15264K, committed 15360K, reserved 253952K
}
Event: 332.356 GC heap after
{Heap after GC invocations=30 (full 0):
 garbage-first heap   total 274432K, used 180646K [0x00000000e0000000, 0x0000000100000000)
  region size 1024K, 8 young (8192K), 8 survivors (8192K)
 Metaspace       used 106253K, capacity 110976K, committed 111280K, reserved 350208K
  class space    used 13554K, capacity 15264K, committed 15360K, reserved 253952K
}
Event: 409.449 GC heap before
{Heap before GC invocations=31 (full 0):
 garbage-first heap   total 274432K, used 233894K [0x00000000e0000000, 0x0000000100000000)
  region size 1024K, 60 young (61440K), 8 survivors (8192K)
 Metaspace       used 106229K, capacity 110931K, committed 111280K, reserved 350208K
  class space    used 13546K, capacity 15249K, committed 15360K, reserved 253952K
}
Event: 409.455 GC heap after
{Heap after GC invocations=32 (full 0):
 garbage-first heap   total 274432K, used 184023K [0x00000000e0000000, 0x0000000100000000)
  region size 1024K, 8 young (8192K), 8 survivors (8192K)
 Metaspace       used 106229K, capacity 110931K, committed 111280K, reserved 350208K
  class space    used 13546K, capacity 15249K, committed 15360K, reserved 253952K
}
Event: 478.408 GC heap before
{Heap before GC invocations=32 (full 0):
 garbage-first heap   total 274432K, used 234199K [0x00000000e0000000, 0x0000000100000000)
  region size 1024K, 57 young (58368K), 8 survivors (8192K)
 Metaspace       used 106230K, capacity 110931K, committed 111280K, reserved 350208K
  class space    used 13546K, capacity 15249K, committed 15360K, reserved 253952K
}
Event: 478.414 GC heap after
{Heap after GC invocations=33 (full 0):
 garbage-first heap   total 274432K, used 187302K [0x00000000e0000000, 0x0000000100000000)
  region size 1024K, 7 young (7168K), 7 survivors (7168K)
 Metaspace       used 106230K, capacity 110931K, committed 111280K, reserved 350208K
  class space    used 13546K, capacity 15249K, committed 15360K, reserved 253952K
}
Event: 529.263 GC heap before
{Heap before GC invocations=34 (full 0):
 garbage-first heap   total 274432K, used 236454K [0x00000000e0000000, 0x0000000100000000)
  region size 1024K, 55 young (56320K), 7 survivors (7168K)
 Metaspace       used 105587K, capacity 109911K, committed 111280K, reserved 350208K
  class space    used 13351K, capacity 14895K, committed 15360K, reserved 253952K
}
Event: 529.271 GC heap after
{Heap after GC invocations=35 (full 0):
 garbage-first heap   total 274432K, used 191616K [0x00000000e0000000, 0x0000000100000000)
  region size 1024K, 7 young (7168K), 7 survivors (7168K)
 Metaspace       used 105587K, capacity 109911K, committed 111280K, reserved 350208K
  class space    used 13351K, capacity 14895K, committed 15360K, reserved 253952K
}
Event: 534.199 GC heap before
{Heap before GC invocations=35 (full 0):
 garbage-first heap   total 274432K, used 197760K [0x00000000e0000000, 0x0000000100000000)
  region size 1024K, 13 young (13312K), 7 survivors (7168K)
 Metaspace       used 105587K, capacity 109911K, committed 111280K, reserved 350208K
  class space    used 13351K, capacity 14895K, committed 15360K, reserved 253952K
}
Event: 534.214 GC heap after
{Heap after GC invocations=36 (full 0):
 garbage-first heap   total 274432K, used 180052K [0x00000000e0000000, 0x0000000100000000)
  region size 1024K, 2 young (2048K), 2 survivors (2048K)
 Metaspace       used 105587K, capacity 109911K, committed 111280K, reserved 350208K
  class space    used 13351K, capacity 14895K, committed 15360K, reserved 253952K
}
Event: 585.647 GC heap before
{Heap before GC invocations=36 (full 0):
 garbage-first heap   total 274432K, used 233300K [0x00000000e0000000, 0x0000000100000000)
  region size 1024K, 54 young (55296K), 2 survivors (2048K)
 Metaspace       used 105590K, capacity 109911K, committed 111280K, reserved 350208K
  class space    used 13351K, capacity 14895K, committed 15360K, reserved 253952K
}
Event: 585.652 GC heap after
{Heap after GC invocations=37 (full 0):
 garbage-first heap   total 274432K, used 184609K [0x00000000e0000000, 0x0000000100000000)
  region size 1024K, 6 young (6144K), 6 survivors (6144K)
 Metaspace       used 105590K, capacity 109911K, committed 111280K, reserved 350208K
  class space    used 13351K, capacity 14895K, committed 15360K, reserved 253952K
}
Event: 647.260 GC heap before
{Heap before GC invocations=38 (full 0):
 garbage-first heap   total 274432K, used 233761K [0x00000000e0000000, 0x0000000100000000)
  region size 1024K, 54 young (55296K), 6 survivors (6144K)
 Metaspace       used 105600K, capacity 109911K, committed 111280K, reserved 350208K
  class space    used 13351K, capacity 14895K, committed 15360K, reserved 253952K
}
Event: 647.266 GC heap after
{Heap after GC invocations=39 (full 0):
 garbage-first heap   total 274432K, used 188489K [0x00000000e0000000, 0x0000000100000000)
  region size 1024K, 4 young (4096K), 4 survivors (4096K)
 Metaspace       used 105600K, capacity 109911K, committed 111280K, reserved 350208K
  class space    used 13351K, capacity 14895K, committed 15360K, reserved 253952K
}
Event: 660.763 GC heap before
{Heap before GC invocations=39 (full 0):
 garbage-first heap   total 274432K, used 197705K [0x00000000e0000000, 0x0000000100000000)
  region size 1024K, 13 young (13312K), 4 survivors (4096K)
 Metaspace       used 105600K, capacity 109911K, committed 111280K, reserved 350208K
  class space    used 13351K, capacity 14895K, committed 15360K, reserved 253952K
}
Event: 660.768 GC heap after
{Heap after GC invocations=40 (full 0):
 garbage-first heap   total 274432K, used 187604K [0x00000000e0000000, 0x0000000100000000)
  region size 1024K, 1 young (1024K), 1 survivors (1024K)
 Metaspace       used 105600K, capacity 109911K, committed 111280K, reserved 350208K
  class space    used 13351K, capacity 14895K, committed 15360K, reserved 253952K
}

